<?xml version="1.0" encoding="UTF-8"?>
<!-- Generated by org.testng.reporters.JUnitXMLReporter -->
<testsuite hostname="GAURAVB-WIN10" ignored="6" name="Test(failed)" tests="4" failures="3" timestamp="2023-05-26T17:10:05 IST" time="124.575" errors="0">
  <testcase name="@AfterMethod getResult" time="0.012" classname="ExtentReportUtility.ExtentReportBaseClass">
    <failure type="java.lang.IllegalAccessException" message="Class ExtentReportUtility.ExtentReportBaseClass can not access a member of class TestCases.TC06_AddingProductToWishList with modifiers &amp;quot;&amp;quot;">
      <![CDATA[java.lang.IllegalAccessException: Class ExtentReportUtility.ExtentReportBaseClass can not access a member of class TestCases.TC06_AddingProductToWishList with modifiers ""
at ExtentReportUtility.ExtentReportBaseClass.getResult(ExtentReportBaseClass.java:55)
at java.util.ArrayList.forEach(Unknown Source)
... Removed 36 stack frames]]>
    </failure>
  </testcase> <!-- @AfterMethod getResult -->
  <testcase name="@AfterMethod getResult" time="0.002" classname="ExtentReportUtility.ExtentReportBaseClass">
    <failure type="java.lang.IllegalAccessException" message="Class ExtentReportUtility.ExtentReportBaseClass can not access a member of class TestCases.TC10_EnterInvalidCredentials with modifiers &amp;quot;&amp;quot;">
      <![CDATA[java.lang.IllegalAccessException: Class ExtentReportUtility.ExtentReportBaseClass can not access a member of class TestCases.TC10_EnterInvalidCredentials with modifiers ""
at ExtentReportUtility.ExtentReportBaseClass.getResult(ExtentReportBaseClass.java:55)
at java.util.ArrayList.forEach(Unknown Source)
... Removed 36 stack frames]]>
    </failure>
  </testcase> <!-- @AfterMethod getResult -->
  <testcase name="@AfterMethod getResult" time="0.002" classname="ExtentReportUtility.ExtentReportBaseClass">
    <failure type="java.lang.IllegalAccessException" message="Class ExtentReportUtility.ExtentReportBaseClass can not access a member of class TestCases.TC05_AddingProductIntoTheCart with modifiers &amp;quot;&amp;quot;">
      <![CDATA[java.lang.IllegalAccessException: Class ExtentReportUtility.ExtentReportBaseClass can not access a member of class TestCases.TC05_AddingProductIntoTheCart with modifiers ""
at ExtentReportUtility.ExtentReportBaseClass.getResult(ExtentReportBaseClass.java:55)
at java.util.ArrayList.forEach(Unknown Source)
... Removed 36 stack frames]]>
    </failure>
  </testcase> <!-- @AfterMethod getResult -->
  <testcase name="AddingProductIntoTheCart" time="25.298" classname="TestCases.TC06_AddingProductToWishList">
    <failure type="java.lang.AssertionError" message="expected [Your order is eligible for FREE Delivery. Select this option at checkout.
Details] but found [Deleted]">
      <![CDATA[java.lang.AssertionError: expected [Your order is eligible for FREE Delivery. Select this option at checkout.
Details] but found [Deleted]
at TestCases.TC06_AddingProductToWishList.AddingProductIntoTheCart(TC06_AddingProductToWishList.java:59)
at java.util.ArrayList.forEach(Unknown Source)
... Removed 33 stack frames]]>
    </failure>
  </testcase> <!-- AddingProductIntoTheCart -->
  <testcase name="EnterInvalidCredentials" time="21.602" classname="TestCases.TC10_EnterInvalidCredentials">
    <failure type="java.lang.AssertionError" message="expected [Your password is incorrect] but found [Your password is not correct]">
      <![CDATA[java.lang.AssertionError: expected [Your password is incorrect] but found [Your password is not correct]
at TestCases.TC10_EnterInvalidCredentials.EnterInvalidCredentials(TC10_EnterInvalidCredentials.java:65)
at java.util.ArrayList.forEach(Unknown Source)
... Removed 33 stack frames]]>
    </failure>
  </testcase> <!-- EnterInvalidCredentials -->
  <testcase name="changingUserAddressOnHomePage" time="37.986" classname="TestCases.TC07_ChangingUserAddressOnHomePage"/>
  <testcase name="AddingProductIntoTheCart" time="39.635" classname="TestCases.TC05_AddingProductIntoTheCart">
    <failure type="java.lang.AssertionError" message="expected [ Select a payment method] but found [ Select a delivery address]">
      <![CDATA[java.lang.AssertionError: expected [ Select a payment method] but found [ Select a delivery address]
at TestCases.TC05_AddingProductIntoTheCart.AddingProductIntoTheCart(TC05_AddingProductIntoTheCart.java:64)
at java.util.ArrayList.forEach(Unknown Source)
... Removed 33 stack frames]]>
    </failure>
  </testcase> <!-- AddingProductIntoTheCart -->
  <testcase name="@BeforeSuite setUp" time="0.0" classname="ExtentReportUtility.ExtentReportBaseClass">
    <ignored/>
  </testcase> <!-- @BeforeSuite setUp -->
  <testcase name="@BeforeSuite setUp" time="0.0" classname="ExtentReportUtility.ExtentReportBaseClass">
    <ignored/>
  </testcase> <!-- @BeforeSuite setUp -->
  <testcase name="@BeforeSuite setUp" time="0.0" classname="ExtentReportUtility.ExtentReportBaseClass">
    <ignored/>
  </testcase> <!-- @BeforeSuite setUp -->
  <testcase name="@AfterSuite tearDown" time="0.0" classname="ExtentReportUtility.ExtentReportBaseClass">
    <ignored/>
  </testcase> <!-- @AfterSuite tearDown -->
  <testcase name="@AfterSuite tearDown" time="0.0" classname="ExtentReportUtility.ExtentReportBaseClass">
    <ignored/>
  </testcase> <!-- @AfterSuite tearDown -->
  <testcase name="@AfterSuite tearDown" time="0.0" classname="ExtentReportUtility.ExtentReportBaseClass">
    <ignored/>
  </testcase> <!-- @AfterSuite tearDown -->
</testsuite> <!-- Test(failed) -->
