<?xml version="1.0" encoding="UTF-8"?>
<!-- Generated by org.testng.reporters.JUnitXMLReporter -->
<testsuite hostname="GAURAVB-WIN10" ignored="0" name="Test" tests="10" failures="1" timestamp="2023-05-03T17:19:09 IST" time="361.156" errors="0">
  <testcase name="signningToAmazon" time="44.396" classname="TestCases.TC01_AmazonSignInPageTestCase"/>
  <testcase name="addingTheNewAddress" time="44.775" classname="TestCases.TC02_AddingUserNewAddress"/>
  <testcase name="verifyingOptionsUnderSearch" time="37.319" classname="TestCases.TC03_VerifyingOptionsUnderSearchFunctionality"/>
  <testcase name="verifyingSearchFunctionality" time="48.384" classname="TestCases.TC04_SearchFunctionality"/>
  <testcase name="AddingProductIntoTheCart" time="105.983" classname="TestCases.TC06_AddingProductToWishList"/>
  <testcase name="AddingProductIntoTheCart" time="160.754" classname="TestCases.TC05_AddingProductIntoTheCart"/>
  <testcase name="changingUserAddressOnHomePage" time="67.501" classname="TestCases.TC07_ChangingUserAddressOnHomePage"/>
  <testcase name="SortProductBasedOnRating" time="80.694" classname="TestCases.TC08_SortProductBasedOnRating"/>
  <testcase name="SortingProductBasedOnPrice" time="83.565" classname="TestCases.TC09_SortingProductBasedOnPrice"/>
  <testcase name="EnterInvalidCredentials" time="37.96" classname="TestCases.TC10_EnterInvalidCredentials">
    <failure type="java.lang.AssertionError" message="expected [Your password is incorrect] but found [Your password is not correct]">
      <![CDATA[java.lang.AssertionError: expected [Your password is incorrect] but found [Your password is not correct]
at TestCases.TC10_EnterInvalidCredentials.EnterInvalidCredentials(TC10_EnterInvalidCredentials.java:61)
at java.util.concurrent.ThreadPoolExecutor.runWorker(Unknown Source)
at java.util.concurrent.ThreadPoolExecutor$Worker.run(Unknown Source)
at java.lang.Thread.run(Unknown Source)
... Removed 18 stack frames]]>
    </failure>
  </testcase> <!-- EnterInvalidCredentials -->
</testsuite> <!-- Test -->
