<?xml version="1.0" encoding="UTF-8"?>
<!-- Generated by org.testng.reporters.JUnitXMLReporter -->
<testsuite hostname="GAURAVB-WIN10" ignored="18" name="Test" tests="10" failures="1" timestamp="2023-05-26T17:46:00 IST" time="429.794" errors="0">
  <testcase name="@AfterMethod getResult" time="0.005" classname="ExtentReportUtility.ExtentReportBaseClass">
    <failure type="java.lang.IllegalAccessException" message="Class ExtentReportUtility.ExtentReportBaseClass can not access a member of class TestCases.TC10_EnterInvalidCredentials with modifiers &amp;quot;&amp;quot;">
      <![CDATA[java.lang.IllegalAccessException: Class ExtentReportUtility.ExtentReportBaseClass can not access a member of class TestCases.TC10_EnterInvalidCredentials with modifiers ""
at ExtentReportUtility.ExtentReportBaseClass.getResult(ExtentReportBaseClass.java:55)
at java.util.ArrayList.forEach(Unknown Source)
... Removed 36 stack frames]]>
    </failure>
  </testcase> <!-- @AfterMethod getResult -->
  <testcase name="signningToAmazon" time="38.749" classname="TestCases.TC01_AmazonSignInPageTestCase"/>
  <testcase name="addingTheNewAddress" time="50.086" classname="TestCases.TC02_AddingUserNewAddress"/>
  <testcase name="verifyingOptionsUnderSearch" time="12.18" classname="TestCases.TC03_VerifyingOptionsUnderSearchFunctionality"/>
  <testcase name="verifyingSearchFunctionality" time="50.858" classname="TestCases.TC04_SearchFunctionality"/>
  <testcase name="AddingProductIntoTheCart" time="109.583" classname="TestCases.TC05_AddingProductIntoTheCart"/>
  <testcase name="AddingProductIntoTheCart" time="46.451" classname="TestCases.TC06_AddingProductToWishList"/>
  <testcase name="changingUserAddressOnHomePage" time="29.023" classname="TestCases.TC07_ChangingUserAddressOnHomePage"/>
  <testcase name="SortProductBasedOnRating" time="17.299" classname="TestCases.TC08_SortProductBasedOnRating"/>
  <testcase name="SortingProductBasedOnPrice" time="30.474" classname="TestCases.TC09_SortingProductBasedOnPrice"/>
  <testcase name="EnterInvalidCredentials" time="45.039" classname="TestCases.TC10_EnterInvalidCredentials">
    <failure type="java.lang.AssertionError" message="expected [Your password is incorrect] but found [Your password is not correct]">
      <![CDATA[java.lang.AssertionError: expected [Your password is incorrect] but found [Your password is not correct]
at TestCases.TC10_EnterInvalidCredentials.EnterInvalidCredentials(TC10_EnterInvalidCredentials.java:65)
at java.util.ArrayList.forEach(Unknown Source)
... Removed 33 stack frames]]>
    </failure>
  </testcase> <!-- EnterInvalidCredentials -->
  <testcase name="@AfterSuite tearDown" time="0.0" classname="ExtentReportUtility.ExtentReportBaseClass">
    <ignored/>
  </testcase> <!-- @AfterSuite tearDown -->
  <testcase name="@AfterSuite tearDown" time="0.0" classname="ExtentReportUtility.ExtentReportBaseClass">
    <ignored/>
  </testcase> <!-- @AfterSuite tearDown -->
  <testcase name="@AfterSuite tearDown" time="0.0" classname="ExtentReportUtility.ExtentReportBaseClass">
    <ignored/>
  </testcase> <!-- @AfterSuite tearDown -->
  <testcase name="@AfterSuite tearDown" time="0.0" classname="ExtentReportUtility.ExtentReportBaseClass">
    <ignored/>
  </testcase> <!-- @AfterSuite tearDown -->
  <testcase name="@AfterSuite tearDown" time="0.0" classname="ExtentReportUtility.ExtentReportBaseClass">
    <ignored/>
  </testcase> <!-- @AfterSuite tearDown -->
  <testcase name="@AfterSuite tearDown" time="0.0" classname="ExtentReportUtility.ExtentReportBaseClass">
    <ignored/>
  </testcase> <!-- @AfterSuite tearDown -->
  <testcase name="@AfterSuite tearDown" time="0.0" classname="ExtentReportUtility.ExtentReportBaseClass">
    <ignored/>
  </testcase> <!-- @AfterSuite tearDown -->
  <testcase name="@AfterSuite tearDown" time="0.0" classname="ExtentReportUtility.ExtentReportBaseClass">
    <ignored/>
  </testcase> <!-- @AfterSuite tearDown -->
  <testcase name="@AfterSuite tearDown" time="0.0" classname="ExtentReportUtility.ExtentReportBaseClass">
    <ignored/>
  </testcase> <!-- @AfterSuite tearDown -->
  <testcase name="@BeforeSuite setUp" time="0.0" classname="ExtentReportUtility.ExtentReportBaseClass">
    <ignored/>
  </testcase> <!-- @BeforeSuite setUp -->
  <testcase name="@BeforeSuite setUp" time="0.0" classname="ExtentReportUtility.ExtentReportBaseClass">
    <ignored/>
  </testcase> <!-- @BeforeSuite setUp -->
  <testcase name="@BeforeSuite setUp" time="0.0" classname="ExtentReportUtility.ExtentReportBaseClass">
    <ignored/>
  </testcase> <!-- @BeforeSuite setUp -->
  <testcase name="@BeforeSuite setUp" time="0.0" classname="ExtentReportUtility.ExtentReportBaseClass">
    <ignored/>
  </testcase> <!-- @BeforeSuite setUp -->
  <testcase name="@BeforeSuite setUp" time="0.0" classname="ExtentReportUtility.ExtentReportBaseClass">
    <ignored/>
  </testcase> <!-- @BeforeSuite setUp -->
  <testcase name="@BeforeSuite setUp" time="0.0" classname="ExtentReportUtility.ExtentReportBaseClass">
    <ignored/>
  </testcase> <!-- @BeforeSuite setUp -->
  <testcase name="@BeforeSuite setUp" time="0.0" classname="ExtentReportUtility.ExtentReportBaseClass">
    <ignored/>
  </testcase> <!-- @BeforeSuite setUp -->
  <testcase name="@BeforeSuite setUp" time="0.0" classname="ExtentReportUtility.ExtentReportBaseClass">
    <ignored/>
  </testcase> <!-- @BeforeSuite setUp -->
  <testcase name="@BeforeSuite setUp" time="0.0" classname="ExtentReportUtility.ExtentReportBaseClass">
    <ignored/>
  </testcase> <!-- @BeforeSuite setUp -->
</testsuite> <!-- Test -->
