<html>
<head>
<title>TestNG:  Test</title>
<link href="../testng.css" rel="stylesheet" type="text/css" />
<link href="../my-testng.css" rel="stylesheet" type="text/css" />

<style type="text/css">
.log { display: none;} 
.stack-trace { display: none;} 
</style>
<script type="text/javascript">
<!--
function flip(e) {
  current = e.style.display;
  if (current == 'block') {
    e.style.display = 'none';
    return 0;
  }
  else {
    e.style.display = 'block';
    return 1;
  }
}

function toggleBox(szDivId, elem, msg1, msg2)
{
  var res = -1;  if (document.getElementById) {
    res = flip(document.getElementById(szDivId));
  }
  else if (document.all) {
    // this is the way old msie versions work
    res = flip(document.all[szDivId]);
  }
  if(elem) {
    if(res == 0) elem.innerHTML = msg1; else elem.innerHTML = msg2;
  }

}

function toggleAllBoxes() {
  if (document.getElementsByTagName) {
    d = document.getElementsByTagName('div');
    for (i = 0; i < d.length; i++) {
      if (d[i].className == 'log') {
        flip(d[i]);
      }
    }
  }
}

// -->
</script>

</head>
<body>
<h2 align='center'>Test</h2><table border='1' align="center">
<tr>
<td>Tests passed/Failed/Skipped:</td><td>9/1/0</td>
</tr><tr>
<td>Started on:</td><td>Fri May 26 17:38:51 IST 2023</td>
</tr>
<tr><td>Total time:</td><td>429 seconds (429794 ms)</td>
</tr><tr>
<td>Included groups:</td><td></td>
</tr><tr>
<td>Excluded groups:</td><td></td>
</tr>
</table><p/>
<small><i>(Hover the method name to see the test class name)</i></small><p/>
<table width='100%' border='1' class='invocation-failed'>
<tr><td colspan='4' align='center'><b>FAILED CONFIGURATIONS</b></td></tr>
<tr><td><b>Test method</b></td>
<td width="30%"><b>Exception</b></td>
<td width="10%"><b>Time (seconds)</b></td>
<td><b>Instance</b></td>
</tr>
<tr>
<td title='TestCases.TC10_EnterInvalidCredentials.getResult()'><b>getResult</b><br>Test class: TestCases.TC10_EnterInvalidCredentials<br>Parameters: [TestResult name=EnterInvalidCredentials status=FAILURE method=TC10_EnterInvalidCredentials.EnterInvalidCredentials()[pri:0, instance:TestCases.TC10_EnterInvalidCredentials@727803de] output={null}]</td>
<td><div><pre>java.lang.IllegalAccessException: Class ExtentReportUtility.ExtentReportBaseClass can not access a member of class TestCases.TC10_EnterInvalidCredentials with modifiers &quot;&quot;
	at ExtentReportUtility.ExtentReportBaseClass.getResult(ExtentReportBaseClass.java:55)
	at java.util.ArrayList.forEach(Unknown Source)
... Removed 36 stack frames</pre></div><a href='#' onClick='toggleBox("stack-trace1684898059", this, "Click to show all stack frames", "Click to hide stack frames")'>Click to show all stack frames</a>
<div class='stack-trace' id='stack-trace1684898059'><pre>java.lang.IllegalAccessException: Class ExtentReportUtility.ExtentReportBaseClass can not access a member of class TestCases.TC10_EnterInvalidCredentials with modifiers &quot;&quot;
	at sun.reflect.Reflection.ensureMemberAccess(Unknown Source)
	at java.lang.reflect.AccessibleObject.slowCheckMemberAccess(Unknown Source)
	at java.lang.reflect.AccessibleObject.checkAccess(Unknown Source)
	at java.lang.reflect.Field.get(Unknown Source)
	at ExtentReportUtility.ExtentReportBaseClass.getResult(ExtentReportBaseClass.java:55)
	at sun.reflect.NativeMethodAccessorImpl.invoke0(Native Method)
	at sun.reflect.NativeMethodAccessorImpl.invoke(Unknown Source)
	at sun.reflect.DelegatingMethodAccessorImpl.invoke(Unknown Source)
	at java.lang.reflect.Method.invoke(Unknown Source)
	at org.testng.internal.MethodInvocationHelper.invokeMethod(MethodInvocationHelper.java:133)
	at org.testng.internal.MethodInvocationHelper.invokeMethodConsideringTimeout(MethodInvocationHelper.java:62)
	at org.testng.internal.ConfigInvoker.invokeConfigurationMethod(ConfigInvoker.java:385)
	at org.testng.internal.ConfigInvoker.invokeConfigurations(ConfigInvoker.java:321)
	at org.testng.internal.TestInvoker.runConfigMethods(TestInvoker.java:700)
	at org.testng.internal.TestInvoker.runAfterGroupsConfigurations(TestInvoker.java:676)
	at org.testng.internal.TestInvoker.invokeMethod(TestInvoker.java:660)
	at org.testng.internal.TestInvoker.invokeTestMethod(TestInvoker.java:173)
	at org.testng.internal.MethodRunner.runInSequence(MethodRunner.java:46)
	at org.testng.internal.TestInvoker$MethodInvocationAgent.invoke(TestInvoker.java:824)
	at org.testng.internal.TestInvoker.invokeTestMethods(TestInvoker.java:146)
	at org.testng.internal.TestMethodWorker.invokeTestMethods(TestMethodWorker.java:146)
	at org.testng.internal.TestMethodWorker.run(TestMethodWorker.java:128)
	at java.util.ArrayList.forEach(Unknown Source)
	at org.testng.TestRunner.privateRun(TestRunner.java:794)
	at org.testng.TestRunner.run(TestRunner.java:596)
	at org.testng.SuiteRunner.runTest(SuiteRunner.java:377)
	at org.testng.SuiteRunner.runSequentially(SuiteRunner.java:371)
	at org.testng.SuiteRunner.privateRun(SuiteRunner.java:332)
	at org.testng.SuiteRunner.run(SuiteRunner.java:276)
	at org.testng.SuiteRunnerWorker.runSuite(SuiteRunnerWorker.java:53)
	at org.testng.SuiteRunnerWorker.run(SuiteRunnerWorker.java:96)
	at org.testng.TestNG.runSuitesSequentially(TestNG.java:1212)
	at org.testng.TestNG.runSuitesLocally(TestNG.java:1134)
	at org.testng.TestNG.runSuites(TestNG.java:1063)
	at org.testng.TestNG.run(TestNG.java:1031)
	at org.testng.remote.AbstractRemoteTestNG.run(AbstractRemoteTestNG.java:115)
	at org.testng.remote.RemoteTestNG.initAndRun(RemoteTestNG.java:251)
	at org.testng.remote.RemoteTestNG.main(RemoteTestNG.java:77)
</pre></div></td>
<td>0</td>
<td>TestCases.TC10_EnterInvalidCredentials@727803de</td></tr>
</table><p>
<table width='100%' border='1' class='invocation-failed'>
<tr><td colspan='4' align='center'><b>FAILED TESTS</b></td></tr>
<tr><td><b>Test method</b></td>
<td width="30%"><b>Exception</b></td>
<td width="10%"><b>Time (seconds)</b></td>
<td><b>Instance</b></td>
</tr>
<tr>
<td title='TestCases.TC10_EnterInvalidCredentials.EnterInvalidCredentials()'><b>EnterInvalidCredentials</b><br>Test class: TestCases.TC10_EnterInvalidCredentials</td>
<td><div><pre>java.lang.AssertionError: expected [Your password is incorrect] but found [Your password is not correct]
	at TestCases.TC10_EnterInvalidCredentials.EnterInvalidCredentials(TC10_EnterInvalidCredentials.java:65)
	at java.util.ArrayList.forEach(Unknown Source)
... Removed 33 stack frames</pre></div><a href='#' onClick='toggleBox("stack-trace870563118", this, "Click to show all stack frames", "Click to hide stack frames")'>Click to show all stack frames</a>
<div class='stack-trace' id='stack-trace870563118'><pre>java.lang.AssertionError: expected [Your password is incorrect] but found [Your password is not correct]
	at org.testng.Assert.fail(Assert.java:99)
	at org.testng.Assert.failNotEquals(Assert.java:1037)
	at org.testng.Assert.assertEqualsImpl(Assert.java:140)
	at org.testng.Assert.assertEquals(Assert.java:122)
	at org.testng.Assert.assertEquals(Assert.java:629)
	at org.testng.Assert.assertEquals(Assert.java:639)
	at TestCases.TC10_EnterInvalidCredentials.EnterInvalidCredentials(TC10_EnterInvalidCredentials.java:65)
	at sun.reflect.NativeMethodAccessorImpl.invoke0(Native Method)
	at sun.reflect.NativeMethodAccessorImpl.invoke(Unknown Source)
	at sun.reflect.DelegatingMethodAccessorImpl.invoke(Unknown Source)
	at java.lang.reflect.Method.invoke(Unknown Source)
	at org.testng.internal.MethodInvocationHelper.invokeMethod(MethodInvocationHelper.java:133)
	at org.testng.internal.TestInvoker.invokeMethod(TestInvoker.java:598)
	at org.testng.internal.TestInvoker.invokeTestMethod(TestInvoker.java:173)
	at org.testng.internal.MethodRunner.runInSequence(MethodRunner.java:46)
	at org.testng.internal.TestInvoker$MethodInvocationAgent.invoke(TestInvoker.java:824)
	at org.testng.internal.TestInvoker.invokeTestMethods(TestInvoker.java:146)
	at org.testng.internal.TestMethodWorker.invokeTestMethods(TestMethodWorker.java:146)
	at org.testng.internal.TestMethodWorker.run(TestMethodWorker.java:128)
	at java.util.ArrayList.forEach(Unknown Source)
	at org.testng.TestRunner.privateRun(TestRunner.java:794)
	at org.testng.TestRunner.run(TestRunner.java:596)
	at org.testng.SuiteRunner.runTest(SuiteRunner.java:377)
	at org.testng.SuiteRunner.runSequentially(SuiteRunner.java:371)
	at org.testng.SuiteRunner.privateRun(SuiteRunner.java:332)
	at org.testng.SuiteRunner.run(SuiteRunner.java:276)
	at org.testng.SuiteRunnerWorker.runSuite(SuiteRunnerWorker.java:53)
	at org.testng.SuiteRunnerWorker.run(SuiteRunnerWorker.java:96)
	at org.testng.TestNG.runSuitesSequentially(TestNG.java:1212)
	at org.testng.TestNG.runSuitesLocally(TestNG.java:1134)
	at org.testng.TestNG.runSuites(TestNG.java:1063)
	at org.testng.TestNG.run(TestNG.java:1031)
	at org.testng.remote.AbstractRemoteTestNG.run(AbstractRemoteTestNG.java:115)
	at org.testng.remote.RemoteTestNG.initAndRun(RemoteTestNG.java:251)
	at org.testng.remote.RemoteTestNG.main(RemoteTestNG.java:77)
</pre></div></td>
<td>45</td>
<td>TestCases.TC10_EnterInvalidCredentials@727803de</td></tr>
</table><p>
<table width='100%' border='1' class='invocation-passed'>
<tr><td colspan='4' align='center'><b>PASSED TESTS</b></td></tr>
<tr><td><b>Test method</b></td>
<td width="30%"><b>Exception</b></td>
<td width="10%"><b>Time (seconds)</b></td>
<td><b>Instance</b></td>
</tr>
<tr>
<td title='TestCases.TC05_AddingProductIntoTheCart.AddingProductIntoTheCart()'><b>AddingProductIntoTheCart</b><br>Test class: TestCases.TC05_AddingProductIntoTheCart</td>
<td></td>
<td>109</td>
<td>TestCases.TC05_AddingProductIntoTheCart@545997b1</td></tr>
<tr>
<td title='TestCases.TC09_SortingProductBasedOnPrice.SortingProductBasedOnPrice()'><b>SortingProductBasedOnPrice</b><br>Test class: TestCases.TC09_SortingProductBasedOnPrice</td>
<td></td>
<td>30</td>
<td>TestCases.TC09_SortingProductBasedOnPrice@2641e737</td></tr>
<tr>
<td title='TestCases.TC03_VerifyingOptionsUnderSearchFunctionality.verifyingOptionsUnderSearch()'><b>verifyingOptionsUnderSearch</b><br>Test class: TestCases.TC03_VerifyingOptionsUnderSearchFunctionality</td>
<td></td>
<td>12</td>
<td>TestCases.TC03_VerifyingOptionsUnderSearchFunctionality@78186a70</td></tr>
<tr>
<td title='TestCases.TC07_ChangingUserAddressOnHomePage.changingUserAddressOnHomePage()'><b>changingUserAddressOnHomePage</b><br>Test class: TestCases.TC07_ChangingUserAddressOnHomePage</td>
<td></td>
<td>29</td>
<td>TestCases.TC07_ChangingUserAddressOnHomePage@77846d2c</td></tr>
<tr>
<td title='TestCases.TC08_SortProductBasedOnRating.SortProductBasedOnRating()'><b>SortProductBasedOnRating</b><br>Test class: TestCases.TC08_SortProductBasedOnRating</td>
<td></td>
<td>17</td>
<td>TestCases.TC08_SortProductBasedOnRating@4c762604</td></tr>
<tr>
<td title='TestCases.TC01_AmazonSignInPageTestCase.signningToAmazon()'><b>signningToAmazon</b><br>Test class: TestCases.TC01_AmazonSignInPageTestCase</td>
<td></td>
<td>38</td>
<td>TestCases.TC01_AmazonSignInPageTestCase@47db50c5</td></tr>
<tr>
<td title='TestCases.TC02_AddingUserNewAddress.addingTheNewAddress()'><b>addingTheNewAddress</b><br>Test class: TestCases.TC02_AddingUserNewAddress</td>
<td></td>
<td>50</td>
<td>TestCases.TC02_AddingUserNewAddress@481a15ff</td></tr>
<tr>
<td title='TestCases.TC04_SearchFunctionality.verifyingSearchFunctionality()'><b>verifyingSearchFunctionality</b><br>Test class: TestCases.TC04_SearchFunctionality</td>
<td></td>
<td>50</td>
<td>TestCases.TC04_SearchFunctionality@306279ee</td></tr>
<tr>
<td title='TestCases.TC06_AddingProductToWishList.AddingProductIntoTheCart()'><b>AddingProductIntoTheCart</b><br>Test class: TestCases.TC06_AddingProductToWishList</td>
<td></td>
<td>46</td>
<td>TestCases.TC06_AddingProductToWishList@4cf4d528</td></tr>
</table><p>
</body>
</html>